Copyright 1986-2022 Xilinx, Inc. All Rights Reserved. Copyright 2022-2024 Advanced Micro Devices, Inc. All Rights Reserved.
-------------------------------------------------------------------------------------------------------------------------------------------------
| Tool Version     : Vivado v.2024.1 (lin64) Build 5076996 Wed May 22 18:36:09 MDT 2024
| Date             : Tue Jan 14 16:57:31 2025
| Host             : enty-vm running 64-bit Ubuntu 22.04.5 LTS
| Command          : report_power -file vc707_power.rpt
| Design           : vc707
| Device           : xc7vx485tffg1761-2
| Design State     : routed
| Grade            : commercial
| Process          : typical
| Characterization : Production
-------------------------------------------------------------------------------------------------------------------------------------------------

Power Report

Table of Contents
-----------------
1. Summary
1.1 On-Chip Components
1.2 Power Supply Summary
1.3 Confidence Level
2. Settings
2.1 Environment
2.2 Clock Constraints
3. Detailed Reports
3.1 By Hierarchy

1. Summary
----------

+--------------------------+--------------+
| Total On-Chip Power (W)  | 1.086        |
| Design Power Budget (W)  | Unspecified* |
| Power Budget Margin (W)  | NA           |
| Dynamic (W)              | 0.835        |
| Device Static (W)        | 0.251        |
| Effective TJA (C/W)      | 1.1          |
| Max Ambient (C)          | 83.8         |
| Junction Temperature (C) | 26.2         |
| Confidence Level         | Low          |
| Setting File             | ---          |
| Simulation Activity File | ---          |
| Design Nets Matched      | NA           |
+--------------------------+--------------+
* Specify Design Power Budget using, set_operating_conditions -design_power_budget <value in Watts>


1.1 On-Chip Components
----------------------

+--------------------------+-----------+----------+-----------+-----------------+
| On-Chip                  | Power (W) | Used     | Available | Utilization (%) |
+--------------------------+-----------+----------+-----------+-----------------+
| Clocks                   |     0.082 |        7 |       --- |             --- |
| Slice Logic              |     0.281 |    21403 |       --- |             --- |
|   Others                 |     0.257 |      197 |       --- |             --- |
|   LUT as Logic           |     0.021 |     9091 |    303600 |            2.99 |
|   Register               |     0.001 |     8340 |    607200 |            1.37 |
|   LUT as Distributed RAM |     0.001 |      764 |    130800 |            0.58 |
|   CARRY4                 |    <0.001 |      337 |     75900 |            0.44 |
|   F7/F8 Muxes            |    <0.001 |       50 |    303600 |            0.02 |
|   LUT as Shift Register  |    <0.001 |       22 |    130800 |            0.02 |
| Signals                  |     0.032 |    17811 |       --- |             --- |
| Block RAM                |     0.020 |       22 |      1030 |            2.14 |
| MMCM                     |     0.109 |        1 |        14 |            7.14 |
| DSPs                     |    <0.001 |        4 |      2800 |            0.14 |
| I/O                      |     0.311 |       91 |       700 |           13.00 |
| Static Power             |     0.251 |          |           |                 |
| Total                    |     1.086 |          |           |                 |
+--------------------------+-----------+----------+-----------+-----------------+


1.2 Power Supply Summary
------------------------

+-----------+-------------+-----------+-------------+------------+-------------+-------------+------------+
| Source    | Voltage (V) | Total (A) | Dynamic (A) | Static (A) | Powerup (A) | Budget (A)  | Margin (A) |
+-----------+-------------+-----------+-------------+------------+-------------+-------------+------------+
| Vccint    |       1.000 |     0.309 |       0.169 |      0.140 |       NA    | Unspecified | NA         |
| Vccaux    |       1.800 |     0.309 |       0.271 |      0.038 |       NA    | Unspecified | NA         |
| Vcco33    |       3.300 |     0.000 |       0.000 |      0.000 |       NA    | Unspecified | NA         |
| Vcco25    |       2.500 |     0.000 |       0.000 |      0.000 |       NA    | Unspecified | NA         |
| Vcco18    |       1.800 |     0.005 |       0.004 |      0.001 |       NA    | Unspecified | NA         |
| Vcco15    |       1.500 |     0.105 |       0.104 |      0.001 |       NA    | Unspecified | NA         |
| Vcco135   |       1.350 |     0.000 |       0.000 |      0.000 |       NA    | Unspecified | NA         |
| Vcco12    |       1.200 |     0.000 |       0.000 |      0.000 |       NA    | Unspecified | NA         |
| Vccaux_io |       2.000 |     0.006 |       0.006 |      0.000 |       NA    | Unspecified | NA         |
| Vccbram   |       1.000 |     0.005 |       0.001 |      0.004 |       NA    | Unspecified | NA         |
| MGTAVcc   |       1.000 |     0.000 |       0.000 |      0.000 |       NA    | Unspecified | NA         |
| MGTAVtt   |       1.200 |     0.000 |       0.000 |      0.000 |       NA    | Unspecified | NA         |
| MGTVccaux |       1.800 |     0.000 |       0.000 |      0.000 |       NA    | Unspecified | NA         |
| MGTZVccl  |       1.075 |     0.000 |       0.000 |      0.000 |       NA    | Unspecified | NA         |
| MGTZAVcc  |       1.075 |     0.000 |       0.000 |      0.000 |       NA    | Unspecified | NA         |
| MGTZVcch  |       1.800 |     0.000 |       0.000 |      0.000 |       NA    | Unspecified | NA         |
| Vccadc    |       1.800 |     0.020 |       0.000 |      0.020 |       NA    | Unspecified | NA         |
+-----------+-------------+-----------+-------------+------------+-------------+-------------+------------+


1.3 Confidence Level
--------------------

+-----------------------------+------------+--------------------------------------------------------+------------------------------------------------------------------------------------------------------------+
| User Input Data             | Confidence | Details                                                | Action                                                                                                     |
+-----------------------------+------------+--------------------------------------------------------+------------------------------------------------------------------------------------------------------------+
| Design implementation state | High       | Design is routed                                       |                                                                                                            |
| Clock nodes activity        | High       | User specified more than 95% of clocks                 |                                                                                                            |
| I/O nodes activity          | Low        | More than 75% of inputs are missing user specification | Provide missing input activity with simulation results or by editing the "By Resource Type -> I/Os" view   |
| Internal nodes activity     | Medium     | User specified less than 25% of internal nodes         | Provide missing internal nodes activity with simulation results or by editing the "By Resource Type" views |
| Device models               | High       | Device models are Production                           |                                                                                                            |
|                             |            |                                                        |                                                                                                            |
| Overall confidence level    | Low        |                                                        |                                                                                                            |
+-----------------------------+------------+--------------------------------------------------------+------------------------------------------------------------------------------------------------------------+


2. Settings
-----------

2.1 Environment
---------------

+-----------------------+--------------------------+
| Ambient Temp (C)      | 25.0                     |
| ThetaJA (C/W)         | 1.1                      |
| Airflow (LFM)         | 250                      |
| Heat Sink             | medium (Medium Profile)  |
| ThetaSA (C/W)         | 2.2                      |
| Board Selection       | medium (10"x10")         |
| # of Board Layers     | 12to15 (12 to 15 Layers) |
| Board Temperature (C) | 25.0                     |
+-----------------------+--------------------------+


2.2 Clock Constraints
---------------------

+-------------+-------------+-----------------+
| Clock       | Domain      | Constraint (ns) |
+-------------+-------------+-----------------+
| clk200_p    | clk200_p    |             5.0 |
| crg_clkout0 | crg_clkout0 |             8.0 |
| crg_clkout1 | crg_clkout1 |             2.0 |
| crg_clkout2 | crg_clkout2 |             5.0 |
| mmcm_fb     | mmcm_fb     |             5.0 |
+-------------+-------------+-----------------+


3. Detailed Reports
-------------------

3.1 By Hierarchy
----------------

+-----------------------------------------------------------------------------------+-----------+
| Name                                                                              | Power (W) |
+-----------------------------------------------------------------------------------+-----------+
| vc707                                                                             |     0.835 |
|   IOBUF                                                                           |     0.003 |
|   IOBUFDS                                                                         |     0.004 |
|     OBUFTDS                                                                       |     0.002 |
|   IOBUFDS_1                                                                       |     0.004 |
|     OBUFTDS                                                                       |     0.002 |
|   IOBUFDS_2                                                                       |     0.004 |
|     OBUFTDS                                                                       |     0.002 |
|   IOBUFDS_3                                                                       |     0.004 |
|     OBUFTDS                                                                       |     0.002 |
|   IOBUF_1                                                                         |     0.003 |
|   IOBUF_10                                                                        |     0.003 |
|   IOBUF_11                                                                        |     0.003 |
|   IOBUF_12                                                                        |     0.003 |
|   IOBUF_13                                                                        |     0.003 |
|   IOBUF_14                                                                        |     0.003 |
|   IOBUF_15                                                                        |     0.003 |
|   IOBUF_16                                                                        |     0.003 |
|   IOBUF_17                                                                        |     0.003 |
|   IOBUF_18                                                                        |     0.003 |
|   IOBUF_19                                                                        |     0.003 |
|   IOBUF_2                                                                         |     0.003 |
|   IOBUF_20                                                                        |     0.003 |
|   IOBUF_21                                                                        |     0.003 |
|   IOBUF_22                                                                        |     0.003 |
|   IOBUF_23                                                                        |     0.003 |
|   IOBUF_24                                                                        |     0.003 |
|   IOBUF_25                                                                        |     0.003 |
|   IOBUF_26                                                                        |     0.003 |
|   IOBUF_27                                                                        |     0.003 |
|   IOBUF_28                                                                        |     0.003 |
|   IOBUF_29                                                                        |     0.003 |
|   IOBUF_3                                                                         |     0.003 |
|   IOBUF_30                                                                        |     0.003 |
|   IOBUF_31                                                                        |     0.003 |
|   IOBUF_32                                                                        |     0.003 |
|   IOBUF_33                                                                        |     0.001 |
|   IOBUF_34                                                                        |     0.001 |
|   IOBUF_35                                                                        |     0.001 |
|   IOBUF_36                                                                        |     0.001 |
|   IOBUF_4                                                                         |     0.003 |
|   IOBUF_5                                                                         |     0.003 |
|   IOBUF_6                                                                         |     0.003 |
|   IOBUF_7                                                                         |     0.003 |
|   IOBUF_8                                                                         |     0.003 |
|   IOBUF_9                                                                         |     0.003 |
|   OBUFDS                                                                          |     0.003 |
|   VexRiscvLitexSmpCluster_Cc1_Iw32Is4096Iy1_Dw32Ds4096Dy1_ITs4DTs4_Ldw256_Ood_Hb1 |     0.073 |
|     clint_logic                                                                   |     0.001 |
|     cores_0_cpu_logic_cpu                                                         |     0.036 |
|       IBusCachedPlugin_cache                                                      |     0.006 |
|       dataCache_1                                                                 |     0.009 |
|     dBridge_logic                                                                 |     0.012 |
|       io_input_upSizer                                                            |     0.004 |
|       io_output_rdata_fifo                                                        |     0.003 |
|       streamFifoLowLatency_3                                                      |     0.003 |
|     iBridge_logic                                                                 |     0.003 |
|       io_output_rdata_fifo                                                        |     0.002 |
|     peripheralBridge_logic                                                        |     0.010 |
+-----------------------------------------------------------------------------------+-----------+


